<?xml version="1.0" encoding="UTF-8"?>
<testng-results ignored="0" total="2" passed="2" failed="0" skipped="0">
  <reporter-output>
  </reporter-output>
  <suite started-at="2022-08-30T14:21:17 WAT" name="Default suite" finished-at="2022-08-30T14:21:27 WAT" duration-ms="9989">
    <groups>
    </groups>
    <test started-at="2022-08-30T14:21:17 WAT" name="Default test" finished-at="2022-08-30T14:21:27 WAT" duration-ms="9989">
      <class name="demo.orangehrmlive.tests.CheckoutTest">
        <test-method is-config="true" signature="setup()[pri:0, instance:demo.orangehrmlive.tests.CheckoutTest@26e356f0]" started-at="2022-08-30T14:21:17 WAT" name="setup" finished-at="2022-08-30T14:21:21 WAT" duration-ms="4195" status="PASS">
          <reporter-output>
          </reporter-output>
        </test-method> <!-- setup -->
        <test-method signature="checkout()[pri:0, instance:demo.orangehrmlive.tests.CheckoutTest@26e356f0]" started-at="2022-08-30T14:21:21 WAT" name="checkout" finished-at="2022-08-30T14:21:22 WAT" duration-ms="924" status="PASS">
          <reporter-output>
          </reporter-output>
        </test-method> <!-- checkout -->
        <test-method is-config="true" signature="closeBrowser()[pri:0, instance:demo.orangehrmlive.tests.CheckoutTest@26e356f0]" started-at="2022-08-30T14:21:22 WAT" name="closeBrowser" finished-at="2022-08-30T14:21:22 WAT" duration-ms="477" status="PASS">
          <reporter-output>
          </reporter-output>
        </test-method> <!-- closeBrowser -->
        <test-method is-config="true" signature="setup()[pri:0, instance:demo.orangehrmlive.tests.CheckoutTest@26e356f0]" started-at="2022-08-30T14:21:22 WAT" name="setup" finished-at="2022-08-30T14:21:26 WAT" duration-ms="3355" status="PASS">
          <reporter-output>
          </reporter-output>
        </test-method> <!-- setup -->
        <test-method signature="continueshoppingBtn()[pri:0, instance:demo.orangehrmlive.tests.CheckoutTest@26e356f0]" started-at="2022-08-30T14:21:26 WAT" name="continueshoppingBtn" finished-at="2022-08-30T14:21:26 WAT" duration-ms="502" status="PASS">
          <reporter-output>
          </reporter-output>
        </test-method> <!-- continueshoppingBtn -->
        <test-method is-config="true" signature="closeBrowser()[pri:0, instance:demo.orangehrmlive.tests.CheckoutTest@26e356f0]" started-at="2022-08-30T14:21:26 WAT" name="closeBrowser" finished-at="2022-08-30T14:21:27 WAT" duration-ms="496" status="PASS">
          <reporter-output>
          </reporter-output>
        </test-method> <!-- closeBrowser -->
      </class> <!-- demo.orangehrmlive.tests.CheckoutTest -->
    </test> <!-- Default test -->
  </suite> <!-- Default suite -->
</testng-results>
